<?xml version="1.0" encoding="UTF-8"?>
<!-- Generated by org.testng.reporters.JUnitReportReporter -->
<testsuite hostname="DESKTOP-HM27A8M" failures="0" tests="1" name="SerializationAndDeserialization.EmployeeSerialization" time="0.358" errors="0" timestamp="2023-02-20T16:53:19 IST" skipped="0">
  <testcase classname="SerializationAndDeserialization.EmployeeSerialization" name="employeeSeri" time="0.358"/>
  <system-out/>
</testsuite> <!-- SerializationAndDeserialization.EmployeeSerialization -->
