<?xml version="1.0" encoding="UTF-8"?>
<!-- Generated by org.testng.reporters.JUnitReportReporter -->
<testsuite hostname="DESKTOP-HM27A8M" failures="0" tests="1" name="CrudOperationWithBDD.UpdateParticularProject" time="4.723" errors="0" timestamp="2023-02-20T12:52:18 IST" skipped="0">
  <testcase classname="CrudOperationWithBDD.UpdateParticularProject" name="updatePartProject" time="4.723"/>
  <system-out/>
</testsuite> <!-- CrudOperationWithBDD.UpdateParticularProject -->
