<?xml version="1.0" encoding="UTF-8"?>
<!-- Generated by org.testng.reporters.JUnitReportReporter -->
<testsuite hostname="DESKTOP-HM27A8M" failures="0" tests="1" name="parameters.PathParameters" time="4.138" errors="0" timestamp="2023-02-20T17:28:20 IST" skipped="0">
  <testcase classname="parameters.PathParameters" name="pathpara" time="4.138"/>
  <system-out/>
</testsuite> <!-- parameters.PathParameters -->
