<?xml version="1.0" encoding="UTF-8"?>
<!-- Generated by org.testng.reporters.JUnitReportReporter -->
<testsuite hostname="DESKTOP-HM27A8M" failures="0" tests="1" name="SerializationAndDeserialization.EmployeeDeserialization" time="0.395" errors="0" timestamp="2023-02-20T16:55:46 IST" skipped="0">
  <testcase classname="SerializationAndDeserialization.EmployeeDeserialization" name="employeeDesi" time="0.395"/>
  <system-out/>
</testsuite> <!-- SerializationAndDeserialization.EmployeeDeserialization -->
