<?xml version="1.0" encoding="UTF-8"?>
<!-- Generated by org.testng.reporters.JUnitReportReporter -->
<testsuite hostname="DESKTOP-HM27A8M" failures="0" tests="1" name="Com.testScriptRmg.CreateProj" time="10.119" errors="0" timestamp="2023-03-02T15:56:36 IST" skipped="0">
  <testcase classname="Com.testScriptRmg.CreateProj" name="createProj" time="10.119"/>
  <system-out/>
</testsuite> <!-- Com.testScriptRmg.CreateProj -->
