<?xml version="1.0" encoding="UTF-8"?>
<!-- Generated by org.testng.reporters.JUnitReportReporter -->
<testsuite hostname="DESKTOP-HM27A8M" failures="0" tests="1" name="SerializationAndDeserialization.EmployeeObjectWithDesrialization" time="0.394" errors="0" timestamp="2023-02-17T14:35:08 IST" skipped="0">
  <testcase classname="SerializationAndDeserialization.EmployeeObjectWithDesrialization" name="empObjWithDesi" time="0.394"/>
  <system-out/>
</testsuite> <!-- SerializationAndDeserialization.EmployeeObjectWithDesrialization -->
