<?xml version="1.0" encoding="UTF-8"?>
<!-- Generated by org.testng.reporters.JUnitReportReporter -->
<testsuite hostname="DESKTOP-HM27A8M" failures="0" tests="1" name="CrudOperationWithBDD.CreateProject" time="52.777" errors="0" timestamp="2023-02-21T15:47:38 IST" skipped="0">
  <testcase classname="CrudOperationWithBDD.CreateProject" name="crreateProj" time="52.777"/>
  <system-out/>
</testsuite> <!-- CrudOperationWithBDD.CreateProject -->
