<?xml version="1.0" encoding="UTF-8"?>
<!-- Generated by org.testng.reporters.JUnitReportReporter -->
<testsuite hostname="DESKTOP-HM27A8M" failures="0" tests="1" name="ThreelayerTesting.CraeteProjectFromApi" time="45.655" errors="0" timestamp="2023-02-24T16:01:12 IST" skipped="0">
  <testcase classname="ThreelayerTesting.CraeteProjectFromApi" name="createProj" time="45.655"/>
  <system-out>
    <![CDATA[verified!!]]>
  </system-out>
</testsuite> <!-- ThreelayerTesting.CraeteProjectFromApi -->
