<?xml version="1.0" encoding="UTF-8"?>
<!-- Generated by org.testng.reporters.JUnitReportReporter -->
<testsuite hostname="DESKTOP-HM27A8M" failures="0" tests="1" name="CrudWith_HashMap.CreatePostWithJsonFile" time="4.570" errors="0" timestamp="2023-02-20T15:33:04 IST" skipped="0">
  <testcase classname="CrudWith_HashMap.CreatePostWithJsonFile" name="createProj" time="4.570"/>
  <system-out/>
</testsuite> <!-- CrudWith_HashMap.CreatePostWithJsonFile -->
