<?xml version="1.0" encoding="UTF-8"?>
<!-- Generated by org.testng.reporters.JUnitReportReporter -->
<testsuite hostname="DESKTOP-HM27A8M" failures="0" tests="1" name="CrudOperationWithBDD.ReadAllProject" time="18.493" errors="0" timestamp="2023-02-20T17:21:53 IST" skipped="0">
  <testcase classname="CrudOperationWithBDD.ReadAllProject" name="readAllProject" time="18.493"/>
  <system-out/>
</testsuite> <!-- CrudOperationWithBDD.ReadAllProject -->
