<?xml version="1.0" encoding="UTF-8"?>
<!-- Generated by org.testng.reporters.JUnitReportReporter -->
<testsuite hostname="DESKTOP-HM27A8M" failures="0" tests="1" name="authentication.Oauth2Auth" time="7.743" errors="0" timestamp="2023-02-23T16:20:46 IST" skipped="0">
  <testcase classname="authentication.Oauth2Auth" name="oauth" time="7.743"/>
  <system-out/>
</testsuite> <!-- authentication.Oauth2Auth -->
