<?xml version="1.0" encoding="UTF-8"?>
<!-- Generated by org.testng.reporters.JUnitReportReporter -->
<testsuite hostname="DESKTOP-HM27A8M" failures="0" tests="1" name="CrudOperationWithoutbdd.ReadProject" time="12.371" errors="0" timestamp="2023-02-17T16:58:13 IST" skipped="0">
  <testcase classname="CrudOperationWithoutbdd.ReadProject" name="fetch" time="12.371"/>
  <system-out/>
</testsuite> <!-- CrudOperationWithoutbdd.ReadProject -->
