<?xml version="1.0" encoding="UTF-8"?>
<!-- Generated by org.testng.reporters.JUnitReportReporter -->
<testsuite hostname="DESKTOP-HM27A8M" failures="0" tests="1" name="SerializationAndDeserialization.EmployeeWithArrayDeseilization" time="0.398" errors="0" timestamp="2023-02-17T14:29:59 IST" skipped="0">
  <testcase classname="SerializationAndDeserialization.EmployeeWithArrayDeseilization" name="employeeWithArrDesi" time="0.398"/>
  <system-out/>
</testsuite> <!-- SerializationAndDeserialization.EmployeeWithArrayDeseilization -->
