<?xml version="1.0" encoding="UTF-8"?>
<!-- Generated by org.testng.reporters.JUnitReportReporter -->
<testsuite hostname="DESKTOP-HM27A8M" failures="0" tests="1" name="CrudOperationWithoutbdd.ReadParticularProject" time="6.999" errors="0" timestamp="2023-02-21T10:39:12 IST" skipped="0">
  <testcase classname="CrudOperationWithoutbdd.ReadParticularProject" name="fetchSingleProject" time="6.999"/>
  <system-out/>
</testsuite> <!-- CrudOperationWithoutbdd.ReadParticularProject -->
