<?xml version="1.0" encoding="UTF-8"?>
<!-- Generated by org.testng.reporters.JUnitReportReporter -->
<testsuite hostname="DESKTOP-HM27A8M" failures="0" tests="2" name="DataDrivenTesting.CreateMultipleProjectWithDiffData" time="5.249" errors="0" timestamp="2023-02-22T12:50:10 IST" skipped="0">
  <testcase classname="DataDrivenTesting.CreateMultipleProjectWithDiffData" name="createProjectByDataProvider" time="0.436"/>
  <system-out/>
  <testcase classname="DataDrivenTesting.CreateMultipleProjectWithDiffData" name="createProjectByDataProvider" time="4.813"/>
  <system-out/>
</testsuite> <!-- DataDrivenTesting.CreateMultipleProjectWithDiffData -->
