<?xml version="1.0" encoding="UTF-8"?>
<!-- Generated by org.testng.reporters.JUnitReportReporter -->
<testsuite hostname="DESKTOP-HM27A8M" failures="0" tests="1" name="SerializationAndDeserialization.EmployeeWithArraySerialization" time="0.364" errors="0" timestamp="2023-02-17T12:18:03 IST" skipped="0">
  <testcase classname="SerializationAndDeserialization.EmployeeWithArraySerialization" name="EmployeeWithArraySeri" time="0.364"/>
  <system-out/>
</testsuite> <!-- SerializationAndDeserialization.EmployeeWithArraySerialization -->
