<?xml version="1.0" encoding="UTF-8"?>
<!-- Generated by org.testng.reporters.JUnitReportReporter -->
<testsuite hostname="DESKTOP-HM27A8M" failures="0" tests="1" name="CrudWith_HashMap.ReadAllProject" time="10.122" errors="0" timestamp="2023-02-20T15:01:22 IST" skipped="0">
  <testcase classname="CrudWith_HashMap.ReadAllProject" name="readAllProject" time="10.122"/>
  <system-out/>
</testsuite> <!-- CrudWith_HashMap.ReadAllProject -->
