<?xml version="1.0" encoding="UTF-8"?>
<!-- Generated by org.testng.reporters.JUnitReportReporter -->
<testsuite hostname="DESKTOP-HM27A8M" failures="0" tests="1" name="ThreelayerTesting.VerifyProjectThroughSelenium" time="6.940" errors="0" timestamp="2023-02-24T15:06:21 IST" skipped="0">
  <testcase classname="ThreelayerTesting.VerifyProjectThroughSelenium" name="create" time="6.940"/>
  <system-out/>
</testsuite> <!-- ThreelayerTesting.VerifyProjectThroughSelenium -->
