<?xml version="1.0" encoding="UTF-8"?>
<!-- Generated by org.testng.reporters.JUnitReportReporter -->
<testsuite hostname="DESKTOP-HM27A8M" failures="0" tests="1" name="authentication.BasicAuth" time="4.578" errors="0" timestamp="2023-02-23T11:09:00 IST" skipped="0">
  <testcase classname="authentication.BasicAuth" name="basicAuth" time="4.578"/>
  <system-out/>
</testsuite> <!-- authentication.BasicAuth -->
