<?xml version="1.0" encoding="UTF-8"?>
<!-- Generated by org.testng.reporters.JUnitReportReporter -->
<testsuite hostname="DESKTOP-HM27A8M" failures="0" tests="1" name="ThreelayerTesting.CraeteProjectFromApiVerifyOngui" time="33.885" errors="0" timestamp="2023-02-24T17:37:13 IST" skipped="0">
  <testcase classname="ThreelayerTesting.CraeteProjectFromApiVerifyOngui" name="createProjfroma" time="33.885"/>
  <system-out>
    <![CDATA[verified!!]]>
  </system-out>
</testsuite> <!-- ThreelayerTesting.CraeteProjectFromApiVerifyOngui -->
