<?xml version="1.0" encoding="UTF-8"?>
<!-- Generated by org.testng.reporters.JUnitReportReporter -->
<testsuite hostname="DESKTOP-HM27A8M" failures="0" tests="1" name="ThreelayerTesting.VerifyProjectThroughDataBase" time="1.641" errors="0" timestamp="2023-02-27T15:38:02 IST" skipped="0">
  <testcase classname="ThreelayerTesting.VerifyProjectThroughDataBase" name="verifyProject" time="1.641"/>
  <system-out/>
</testsuite> <!-- ThreelayerTesting.VerifyProjectThroughDataBase -->
