<?xml version="1.0" encoding="UTF-8"?>
<!-- Generated by org.testng.reporters.JUnitReportReporter -->
<testsuite hostname="DESKTOP-HM27A8M" failures="0" tests="1" name="SerializationAndDeserialization.EmployeeWithObjectSerialization" time="0.387" errors="0" timestamp="2023-02-17T13:08:29 IST" skipped="0">
  <testcase classname="SerializationAndDeserialization.EmployeeWithObjectSerialization" name="employeeWihObjSeri" time="0.387"/>
  <system-out/>
</testsuite> <!-- SerializationAndDeserialization.EmployeeWithObjectSerialization -->
