<?xml version="1.0" encoding="UTF-8"?>
<!-- Generated by org.testng.reporters.JUnitReportReporter -->
<testsuite hostname="DESKTOP-HM27A8M" failures="0" tests="1" name="CrudOperationWithBDD.ReadSingleProject" time="4.400" errors="0" timestamp="2023-02-20T12:53:55 IST" skipped="0">
  <testcase classname="CrudOperationWithBDD.ReadSingleProject" name="readSingleProj" time="4.400"/>
  <system-out/>
</testsuite> <!-- CrudOperationWithBDD.ReadSingleProject -->
