<?xml version="1.0" encoding="UTF-8"?>
<!-- Generated by org.testng.reporters.JUnitReportReporter -->
<testsuite hostname="DESKTOP-HM27A8M" failures="0" tests="1" name="Com.testScriptRmg.CreateProjFromDB_VerifyInGUI_deleteInAPi" time="29.872" errors="0" timestamp="2023-03-03T17:23:38 IST" skipped="0">
  <testcase classname="Com.testScriptRmg.CreateProjFromDB_VerifyInGUI_deleteInAPi" name="create" time="29.872"/>
  <system-out>
    <![CDATA[verified!!
deleted from api]]>
  </system-out>
</testsuite> <!-- Com.testScriptRmg.CreateProjFromDB_VerifyInGUI_deleteInAPi -->
